{
  "RSpec": {
    "coverage": {
      "/Users/rchaves/Sites/_default/app/controllers/application_controller.rb": [
        1,
        1,
        1,
        null,
        null,
        1,
        0,
        0,
        0,
        null,
        0,
        null,
        null,
        null,
        1,
        0,
        0,
        0,
        null,
        null,
        null,
        null,
        1,
        0,
        null,
        null,
        1,
        0,
        null,
        null,
        1,
        0,
        null,
        null,
        1,
        0,
        0,
        null,
        null,
        null,
        null,
        null,
        0,
        null,
        null,
        1,
        0,
        0,
        0,
        null,
        0,
        null,
        null,
        null
      ],
      "/Users/rchaves/Sites/_default/app/helpers/application_helper.rb": [
        null,
        1,
        null,
        1,
        0,
        0,
        0,
        null,
        0,
        null,
        null,
        1,
        1,
        null,
        1,
        0,
        null,
        null,
        1,
        0,
        null,
        null,
        1,
        0,
        null,
        null,
        1,
        0,
        null,
        null,
        null,
        1,
        0,
        null,
        null,
        1,
        0,
        null,
        null,
        1,
        0,
        null,
        null,
        1,
        0,
        0,
        0,
        0,
        null,
        0,
        null,
        null,
        null,
        1,
        0,
        null,
        null,
        1,
        0,
        null,
        null,
        1,
        0,
        0,
        0,
        0,
        null,
        0,
        null,
        0,
        0,
        null,
        0,
        null,
        null,
        null,
        1,
        0,
        0,
        0,
        0,
        null,
        0,
        0,
        0,
        0,
        null,
        0,
        null,
        null,
        null,
        0,
        0,
        null,
        null,
        null,
        null,
        null,
        null,
        null,
        null,
        null,
        null,
        0,
        null,
        0,
        null,
        null,
        null,
        null,
        null
      ],
      "/Users/rchaves/Sites/_default/app/helpers/banneres_helper.rb": [
        1,
        null
      ],
      "/Users/rchaves/Sites/_default/app/helpers/editaveis_helper.rb": [
        1,
        null
      ],
      "/Users/rchaves/Sites/_default/app/helpers/mensagens_helper.rb": [
        1,
        null
      ],
      "/Users/rchaves/Sites/_default/app/helpers/page_helper.rb": [
        1,
        null
      ],
      "/Users/rchaves/Sites/_default/app/models/usuario.rb": [
        null,
        1,
        null,
        null,
        null,
        1,
        null,
        null,
        1,
        1,
        1,
        null,
        1,
        0,
        0,
        null,
        null,
        1,
        0,
        null,
        null,
        null
      ],
      "/Users/rchaves/Sites/_default/app/models/banner.rb": [
        1,
        1,
        null,
        1,
        0,
        0,
        null,
        null,
        null,
        null,
        1,
        1,
        0,
        null,
        null
      ],
      "/Users/rchaves/Sites/_default/app/models/editavel.rb": [
        1,
        1,
        1,
        1,
        null
      ],
      "/Users/rchaves/Sites/_default/app/models/mensagem.rb": [
        null,
        1,
        1,
        1,
        null
      ],
      "/Users/rchaves/Sites/_default/app/models/pagina.rb": [
        1,
        1,
        null
      ],
      "/Users/rchaves/Sites/_default/app/models/admin.rb": [
        1,
        1,
        0,
        null,
        null
      ]
    },
    "timestamp": 1379735328
  },
  "Unit Tests": {
    "coverage": {
      "/Users/rchaves/Sites/_default/app/controllers/application_controller.rb": [
        1,
        1,
        1,
        null,
        null,
        1,
        0,
        0,
        0,
        null,
        0,
        null,
        null,
        null,
        1,
        0,
        0,
        0,
        null,
        null,
        null,
        null,
        1,
        0,
        null,
        null,
        1,
        0,
        null,
        null,
        1,
        0,
        null,
        null,
        1,
        0,
        0,
        null,
        null,
        null,
        null,
        null,
        0,
        null,
        null,
        1,
        0,
        0,
        null,
        null
      ],
      "/Users/rchaves/Sites/_default/app/helpers/application_helper.rb": [
        null,
        1,
        null,
        1,
        0,
        0,
        0,
        null,
        0,
        null,
        null,
        1,
        1,
        null,
        null,
        1,
        0,
        null,
        null,
        1,
        0,
        null,
        null,
        1,
        0,
        0,
        0,
        0,
        null,
        null,
        null,
        null,
        null,
        1,
        0,
        null,
        null,
        1,
        0,
        null,
        null,
        null,
        1,
        0,
        0,
        0,
        0,
        null,
        0,
        0,
        null,
        0,
        null,
        null,
        null,
        1,
        0,
        0,
        0,
        0,
        null,
        0,
        0,
        0,
        0,
        null,
        0,
        null,
        null,
        0,
        0,
        null,
        null,
        null,
        null,
        null,
        null,
        null,
        null,
        null,
        null,
        0,
        null,
        0,
        null,
        null,
        null,
        null,
        1,
        0,
        null,
        null,
        null
      ],
      "/Users/rchaves/Sites/_default/app/helpers/banneres_helper.rb": [
        1,
        null
      ],
      "/Users/rchaves/Sites/_default/app/helpers/mensagens_helper.rb": [
        1,
        null
      ],
      "/Users/rchaves/Sites/_default/app/helpers/page_helper.rb": [
        1,
        null
      ],
      "/Users/rchaves/Sites/_default/app/models/usuario.rb": [
        null,
        1,
        null,
        null,
        null,
        1,
        null,
        null,
        1,
        1,
        1,
        null,
        1,
        0,
        0,
        null,
        null,
        1,
        0,
        null,
        null,
        null
      ],
      "/Users/rchaves/Sites/_default/app/models/banner.rb": [
        1,
        1,
        null,
        1,
        0,
        0,
        null,
        null,
        null,
        null
      ],
      "/Users/rchaves/Sites/_default/app/models/editable.rb": [
        1,
        1,
        1,
        1,
        null
      ],
      "/Users/rchaves/Sites/_default/app/models/mensagem.rb": [
        null,
        1,
        1,
        1,
        null
      ],
      "/Users/rchaves/Sites/_default/app/models/pagina.rb": [
        1,
        1,
        null
      ],
      "/Users/rchaves/Sites/_default/lib/bootstrap_link_renderer.rb": [
        1,
        1,
        null,
        1,
        null,
        null,
        1,
        3,
        null,
        null,
        1,
        1,
        1,
        null,
        null,
        1,
        2,
        null,
        null
      ]
    },
    "timestamp": 1380492045
  },
  "Unknown Test Framework": {
    "coverage": {
      "/Users/rchaves/Sites/_default/app/controllers/application_controller.rb": [
        1,
        1,
        1,
        null,
        null,
        1,
        37,
        1,
        1,
        null,
        1,
        null,
        null,
        null,
        1,
        38,
        2,
        1,
        null,
        null,
        null,
        null,
        1,
        37,
        null,
        null,
        1,
        1,
        null,
        null,
        1,
        108,
        null,
        null,
        1,
        21,
        21,
        null,
        null,
        null,
        null,
        null,
        21,
        null,
        null,
        1,
        1,
        1,
        null,
        null
      ],
      "/Users/rchaves/Sites/_default/app/helpers/application_helper.rb": [
        null,
        1,
        null,
        1,
        17,
        17,
        17,
        null,
        17,
        null,
        null,
        1,
        4,
        null,
        null,
        1,
        6,
        null,
        null,
        1,
        31,
        null,
        null,
        1,
        10,
        8,
        2,
        1,
        null,
        null,
        null,
        null,
        null,
        1,
        6,
        null,
        null,
        1,
        6,
        null,
        null,
        null,
        1,
        8,
        8,
        8,
        8,
        null,
        8,
        5,
        null,
        3,
        null,
        null,
        null,
        1,
        6,
        6,
        6,
        1,
        null,
        5,
        5,
        1,
        1,
        null,
        4,
        null,
        null,
        5,
        3,
        null,
        null,
        null,
        null,
        null,
        null,
        null,
        null,
        null,
        null,
        3,
        null,
        2,
        null,
        null,
        null,
        null,
        1,
        19,
        null,
        null,
        null
      ],
      "/Users/rchaves/Sites/_default/app/helpers/banneres_helper.rb": [
        1,
        null
      ],
      "/Users/rchaves/Sites/_default/app/helpers/mensagens_helper.rb": [
        1,
        null
      ],
      "/Users/rchaves/Sites/_default/app/helpers/page_helper.rb": [
        1,
        null
      ],
      "/Users/rchaves/Sites/_default/app/models/usuario.rb": [
        null,
        1,
        null,
        null,
        null,
        1,
        null,
        null,
        1,
        1,
        1,
        null,
        1,
        19,
        19,
        null,
        null,
        1,
        6,
        null,
        null,
        null
      ],
      "/Users/rchaves/Sites/_default/app/models/banner.rb": [
        1,
        1,
        null,
        1,
        3,
        2,
        null,
        null,
        null,
        null
      ],
      "/Users/rchaves/Sites/_default/app/models/editable.rb": [
        1,
        1,
        1,
        3,
        null
      ],
      "/Users/rchaves/Sites/_default/app/models/mensagem.rb": [
        null,
        1,
        1,
        1,
        null
      ],
      "/Users/rchaves/Sites/_default/app/models/pagina.rb": [
        1,
        1,
        null
      ],
      "/Users/rchaves/Sites/_default/app/models/Ability.rb": [
        1,
        1,
        null,
        1,
        null,
        null,
        36,
        null,
        36,
        35,
        null,
        null,
        null,
        null,
        null,
        null,
        null,
        null,
        null,
        null,
        null,
        null,
        null,
        null,
        null,
        null,
        null,
        null,
        null
      ],
      "/Users/rchaves/Sites/_default/app/controllers/admin/mensagens_controller.rb": [
        1,
        1,
        1,
        1,
        null,
        null,
        1,
        1,
        null,
        null,
        null,
        1,
        1,
        null,
        null,
        null
      ],
      "/Users/rchaves/Sites/_default/lib/bootstrap_link_renderer.rb": [
        1,
        1,
        null,
        1,
        null,
        null,
        1,
        3,
        null,
        null,
        1,
        1,
        1,
        null,
        null,
        1,
        2,
        null,
        null
      ],
      "/Users/rchaves/Sites/_default/app/controllers/admin/usuarios_controller.rb": [
        null,
        1,
        1,
        1,
        1,
        null,
        null,
        1,
        1,
        null,
        null,
        null,
        1,
        1,
        null,
        null,
        null,
        1,
        1,
        null,
        null,
        null,
        1,
        1,
        null,
        null,
        null,
        1,
        2,
        null,
        2,
        1,
        null,
        1,
        null,
        null,
        null,
        null,
        1,
        4,
        null,
        4,
        1,
        1,
        null,
        3,
        2,
        null,
        1,
        null,
        null,
        null,
        null,
        null,
        1,
        2,
        2,
        1,
        null,
        1,
        null,
        null,
        2,
        null,
        null,
        1,
        1,
        1,
        null,
        1,
        1,
        null,
        1,
        1,
        1,
        1,
        null,
        null,
        null,
        null,
        null
      ],
      "/Users/rchaves/Sites/_default/app/controllers/banneres_controller.rb": [
        1,
        1,
        1,
        1,
        null,
        null,
        1,
        1,
        null,
        null,
        null,
        1,
        1,
        null,
        null,
        null,
        1,
        1,
        null,
        null,
        null,
        1,
        1,
        null,
        null,
        null,
        1,
        2,
        null,
        2,
        1,
        null,
        null,
        1,
        null,
        null,
        null,
        null,
        1,
        2,
        null,
        2,
        1,
        null,
        null,
        1,
        null,
        null,
        null,
        null,
        1,
        1,
        1,
        null,
        1,
        null,
        null,
        1,
        2,
        2,
        1,
        3,
        2,
        2,
        null,
        1,
        null,
        null,
        null,
        null
      ],
      "/Users/rchaves/Sites/_default/app/controllers/editables_controller.rb": [
        1,
        1,
        null,
        null,
        1,
        2,
        2,
        1,
        1,
        null,
        1,
        1,
        null,
        null,
        null
      ],
      "/Users/rchaves/Sites/_default/app/controllers/page_controller.rb": [
        1,
        1,
        null,
        null,
        1,
        2,
        2,
        1,
        1,
        1,
        1,
        1,
        1,
        null,
        null,
        null,
        null,
        null
      ],
      "/Users/rchaves/Sites/_default/app/mailers/contato_mailer.rb": [
        null,
        1,
        1,
        null,
        1,
        1,
        null,
        1,
        null,
        null,
        1,
        2,
        null,
        null,
        null,
        null
      ]
    },
    "timestamp": 1381254603
  },
  "Functional Tests": {
    "coverage": {
      "/Users/rchaves/Sites/_default/app/controllers/application_controller.rb": [
        1,
        1,
        1,
        null,
        null,
        1,
        7,
        0,
        0,
        null,
        0,
        null,
        null,
        null,
        1,
        7,
        0,
        0,
        null,
        null,
        null,
        null,
        1,
        7,
        null,
        null,
        1,
        0,
        null,
        null,
        1,
        27,
        null,
        null,
        1,
        6,
        6,
        null,
        null,
        null,
        null,
        null,
        6,
        null,
        null,
        1,
        0,
        0,
        0,
        null,
        0,
        null,
        null,
        null
      ],
      "/Users/rchaves/Sites/_default/app/helpers/application_helper.rb": [
        null,
        1,
        null,
        1,
        4,
        4,
        4,
        null,
        4,
        null,
        null,
        1,
        1,
        null,
        1,
        null,
        1,
        null,
        null,
        1,
        2,
        null,
        null,
        1,
        0,
        null,
        null,
        1,
        2,
        null,
        null,
        null,
        1,
        1,
        null,
        null,
        1,
        0,
        null,
        null,
        1,
        0,
        null,
        null,
        1,
        0,
        0,
        0,
        0,
        null,
        null,
        null,
        null,
        null,
        1,
        0,
        null,
        null,
        1,
        0,
        null,
        null,
        null,
        1,
        0,
        0,
        0,
        0,
        null,
        0,
        null,
        0,
        0,
        null,
        0,
        null,
        null,
        null,
        1,
        0,
        0,
        0,
        0,
        null,
        0,
        0,
        0,
        0,
        null,
        0,
        null,
        null,
        0,
        0,
        null,
        null,
        null,
        null,
        null,
        null,
        null,
        null,
        null,
        null,
        0,
        null,
        0,
        null,
        null,
        null,
        null,
        1,
        0,
        null,
        null,
        null
      ],
      "/Users/rchaves/Sites/_default/app/helpers/banneres_helper.rb": [
        1,
        null
      ],
      "/Users/rchaves/Sites/_default/app/helpers/mensagens_helper.rb": [
        1,
        null
      ],
      "/Users/rchaves/Sites/_default/app/helpers/page_helper.rb": [
        1,
        null
      ],
      "/Users/rchaves/Sites/_default/app/models/usuario.rb": [
        null,
        1,
        null,
        null,
        null,
        1,
        null,
        null,
        1,
        1,
        1,
        null,
        1,
        0,
        0,
        null,
        null,
        1,
        0,
        null,
        null,
        null
      ],
      "/Users/rchaves/Sites/_default/app/models/banner.rb": [
        1,
        1,
        null,
        1,
        0,
        0,
        null,
        null,
        null,
        null,
        1,
        1,
        0,
        null,
        null
      ],
      "/Users/rchaves/Sites/_default/app/models/editable.rb": [
        1,
        1,
        1,
        1,
        null
      ],
      "/Users/rchaves/Sites/_default/app/models/mensagem.rb": [
        null,
        1,
        1,
        1,
        null
      ],
      "/Users/rchaves/Sites/_default/app/models/pagina.rb": [
        1,
        1,
        null
      ],
      "/Users/rchaves/Sites/_default/app/controllers/banneres_controller.rb": [
        1,
        1,
        1,
        1,
        null,
        null,
        1,
        1,
        null,
        null,
        null,
        1,
        1,
        null,
        null,
        null,
        1,
        1,
        null,
        null,
        null,
        1,
        1,
        null,
        null,
        null,
        1,
        1,
        null,
        1,
        1,
        null,
        null,
        0,
        null,
        null,
        null,
        null,
        1,
        1,
        null,
        1,
        1,
        null,
        null,
        0,
        null,
        null,
        null,
        null,
        1,
        1,
        1,
        null,
        1,
        null,
        null,
        1,
        0,
        0,
        0,
        0,
        0,
        null,
        0,
        null,
        null,
        null,
        null
      ],
      "/Users/rchaves/Sites/_default/app/models/ability.rb": [
        1,
        1,
        null,
        1,
        null,
        null,
        7,
        null,
        7,
        7,
        null,
        null,
        null,
        null,
        null,
        null,
        null,
        null,
        null,
        null,
        null,
        null,
        null,
        null,
        null,
        null,
        null,
        null,
        null
      ]
    },
    "timestamp": 1380063632
  }
}
