{
  "RSpec": {
    "coverage": {
      "/Users/rchaves/Sites/_default/app/controllers/application_controller.rb": [
        1,
        1,
        1,
        null,
        null,
        1,
        0,
        0,
        0,
        null,
        0,
        null,
        null,
        null,
        1,
        0,
        0,
        0,
        null,
        null,
        null,
        null,
        1,
        0,
        null,
        null,
        1,
        0,
        null,
        null,
        1,
        0,
        null,
        null,
        1,
        0,
        0,
        null,
        null,
        null,
        null,
        null,
        0,
        null,
        null,
        1,
        0,
        0,
        0,
        null,
        0,
        null,
        null,
        null
      ],
      "/Users/rchaves/Sites/_default/app/helpers/application_helper.rb": [
        null,
        1,
        null,
        1,
        0,
        0,
        0,
        null,
        0,
        null,
        null,
        1,
        1,
        null,
        1,
        0,
        null,
        null,
        1,
        0,
        null,
        null,
        1,
        0,
        null,
        null,
        1,
        0,
        null,
        null,
        null,
        1,
        0,
        null,
        null,
        1,
        0,
        null,
        null,
        1,
        0,
        null,
        null,
        1,
        0,
        0,
        0,
        0,
        null,
        0,
        null,
        null,
        null,
        1,
        0,
        null,
        null,
        1,
        0,
        null,
        null,
        1,
        0,
        0,
        0,
        0,
        null,
        0,
        null,
        0,
        0,
        null,
        0,
        null,
        null,
        null,
        1,
        0,
        0,
        0,
        0,
        null,
        0,
        0,
        0,
        0,
        null,
        0,
        null,
        null,
        null,
        0,
        0,
        null,
        null,
        null,
        null,
        null,
        null,
        null,
        null,
        null,
        null,
        0,
        null,
        0,
        null,
        null,
        null,
        null,
        null
      ],
      "/Users/rchaves/Sites/_default/app/helpers/banneres_helper.rb": [
        1,
        null
      ],
      "/Users/rchaves/Sites/_default/app/helpers/editaveis_helper.rb": [
        1,
        null
      ],
      "/Users/rchaves/Sites/_default/app/helpers/mensagens_helper.rb": [
        1,
        null
      ],
      "/Users/rchaves/Sites/_default/app/helpers/page_helper.rb": [
        1,
        null
      ],
      "/Users/rchaves/Sites/_default/app/models/usuario.rb": [
        null,
        1,
        null,
        null,
        null,
        1,
        null,
        null,
        1,
        1,
        1,
        null,
        1,
        0,
        0,
        null,
        null,
        1,
        0,
        null,
        null,
        null
      ],
      "/Users/rchaves/Sites/_default/app/models/banner.rb": [
        1,
        1,
        null,
        1,
        0,
        0,
        null,
        null,
        null,
        null,
        1,
        1,
        0,
        null,
        null
      ],
      "/Users/rchaves/Sites/_default/app/models/editavel.rb": [
        1,
        1,
        1,
        1,
        null
      ],
      "/Users/rchaves/Sites/_default/app/models/mensagem.rb": [
        null,
        1,
        1,
        1,
        null
      ],
      "/Users/rchaves/Sites/_default/app/models/pagina.rb": [
        1,
        1,
        null
      ],
      "/Users/rchaves/Sites/_default/app/models/admin.rb": [
        1,
        1,
        0,
        null,
        null
      ]
    },
    "timestamp": 1379735328
  },
  "Unit Tests": {
    "coverage": {
      "/Users/rchaves/Sites/_default/app/controllers/application_controller.rb": [
        1,
        1,
        1,
        null,
        null,
        1,
        13,
        0,
        0,
        null,
        0,
        null,
        null,
        null,
        1,
        13,
        0,
        0,
        null,
        null,
        null,
        null,
        1,
        13,
        null,
        null,
        1,
        0,
        null,
        null,
        1,
        48,
        null,
        null,
        1,
        10,
        10,
        null,
        null,
        null,
        null,
        null,
        10,
        null,
        null,
        1,
        0,
        0,
        0,
        null,
        0,
        null,
        null,
        null
      ],
      "/Users/rchaves/Sites/_default/app/helpers/application_helper.rb": [
        null,
        1,
        null,
        1,
        7,
        7,
        7,
        null,
        7,
        null,
        null,
        1,
        1,
        null,
        null,
        1,
        5,
        null,
        null,
        1,
        0,
        null,
        null,
        1,
        0,
        0,
        0,
        0,
        null,
        null,
        null,
        null,
        null,
        1,
        0,
        null,
        null,
        1,
        0,
        null,
        null,
        null,
        1,
        0,
        0,
        0,
        0,
        null,
        0,
        0,
        null,
        0,
        null,
        null,
        null,
        1,
        0,
        0,
        0,
        0,
        null,
        0,
        0,
        0,
        0,
        null,
        0,
        null,
        null,
        0,
        0,
        null,
        null,
        null,
        null,
        null,
        null,
        null,
        null,
        null,
        null,
        0,
        null,
        0,
        null,
        null,
        null,
        null,
        1,
        0,
        null,
        null,
        null
      ],
      "/Users/rchaves/Sites/_default/app/helpers/banneres_helper.rb": [
        1,
        null
      ],
      "/Users/rchaves/Sites/_default/app/helpers/mensagens_helper.rb": [
        1,
        null
      ],
      "/Users/rchaves/Sites/_default/app/helpers/page_helper.rb": [
        1,
        null
      ],
      "/Users/rchaves/Sites/_default/app/models/usuario.rb": [
        null,
        1,
        null,
        null,
        null,
        1,
        null,
        null,
        1,
        1,
        1,
        null,
        1,
        17,
        17,
        null,
        null,
        1,
        6,
        null,
        null,
        null
      ],
      "/Users/rchaves/Sites/_default/app/models/banner.rb": [
        1,
        1,
        null,
        1,
        0,
        0,
        null,
        null,
        null,
        null
      ],
      "/Users/rchaves/Sites/_default/app/models/editable.rb": [
        1,
        1,
        1,
        1,
        null
      ],
      "/Users/rchaves/Sites/_default/app/models/mensagem.rb": [
        null,
        1,
        1,
        1,
        null
      ],
      "/Users/rchaves/Sites/_default/app/models/pagina.rb": [
        1,
        1,
        null
      ],
      "/Users/rchaves/Sites/_default/app/controllers/admin/usuarios_controller.rb": [
        null,
        1,
        1,
        1,
        1,
        null,
        null,
        1,
        1,
        null,
        null,
        null,
        1,
        1,
        null,
        null,
        null,
        1,
        1,
        null,
        null,
        null,
        1,
        1,
        null,
        null,
        null,
        1,
        2,
        null,
        2,
        1,
        null,
        1,
        null,
        null,
        null,
        null,
        1,
        4,
        null,
        4,
        1,
        1,
        null,
        3,
        2,
        null,
        1,
        null,
        null,
        null,
        null,
        null,
        1,
        2,
        2,
        1,
        null,
        1,
        null,
        null,
        2,
        null,
        null,
        1,
        1,
        1,
        null,
        1,
        1,
        null,
        1,
        1,
        1,
        1,
        null,
        null,
        null,
        null,
        null
      ],
      "/Users/rchaves/Sites/_default/app/models/ability.rb": [
        1,
        1,
        null,
        1,
        null,
        null,
        13,
        null,
        13,
        13,
        null,
        null,
        null,
        null,
        null,
        null,
        null,
        null,
        null,
        null,
        null,
        null,
        null,
        null,
        null,
        null,
        null,
        null,
        null
      ],
      "/Users/rchaves/Sites/_default/lib/bootstrap_link_renderer.rb": [
        1,
        1,
        null,
        1,
        null,
        0,
        null,
        null,
        1,
        0,
        null,
        null,
        1,
        0,
        null,
        null,
        1,
        0,
        null,
        null
      ]
    },
    "timestamp": 1380144321
  },
  "Unknown Test Framework": {
    "coverage": {
      "/Users/rchaves/Sites/_default/app/controllers/application_controller.rb": [
        1,
        1,
        1,
        null,
        null,
        1,
        0,
        0,
        0,
        null,
        0,
        null,
        null,
        null,
        1,
        0,
        0,
        0,
        null,
        null,
        null,
        null,
        1,
        0,
        null,
        null,
        1,
        0,
        null,
        null,
        1,
        0,
        null,
        null,
        1,
        0,
        0,
        null,
        null,
        null,
        null,
        null,
        0,
        null,
        null,
        1,
        0,
        0,
        0,
        null,
        0,
        null,
        null,
        null
      ],
      "/Users/rchaves/Sites/_default/app/helpers/application_helper.rb": [
        null,
        1,
        null,
        1,
        0,
        0,
        0,
        null,
        0,
        null,
        null,
        1,
        0,
        null,
        null,
        1,
        0,
        null,
        null,
        1,
        0,
        null,
        null,
        1,
        0,
        0,
        0,
        0,
        null,
        null,
        null,
        null,
        null,
        1,
        0,
        null,
        null,
        1,
        0,
        null,
        null,
        null,
        1,
        0,
        0,
        0,
        0,
        null,
        0,
        0,
        null,
        0,
        null,
        null,
        null,
        1,
        0,
        0,
        0,
        0,
        null,
        0,
        0,
        0,
        0,
        null,
        0,
        null,
        null,
        0,
        0,
        null,
        null,
        null,
        null,
        null,
        null,
        null,
        null,
        null,
        null,
        0,
        null,
        0,
        null,
        null,
        null,
        null,
        1,
        0,
        null,
        null,
        null
      ],
      "/Users/rchaves/Sites/_default/app/helpers/banneres_helper.rb": [
        1,
        null
      ],
      "/Users/rchaves/Sites/_default/app/helpers/jooes_helper.rb": [
        1,
        null
      ],
      "/Users/rchaves/Sites/_default/app/helpers/mensagens_helper.rb": [
        1,
        null
      ],
      "/Users/rchaves/Sites/_default/app/helpers/page_helper.rb": [
        1,
        null
      ],
      "/Users/rchaves/Sites/_default/app/models/usuario.rb": [
        null,
        1,
        null,
        null,
        null,
        1,
        null,
        null,
        1,
        1,
        1,
        null,
        1,
        0,
        0,
        null,
        null,
        1,
        0,
        null,
        null,
        null
      ],
      "/Users/rchaves/Sites/_default/app/models/banner.rb": [
        1,
        1,
        null,
        1,
        0,
        0,
        null,
        null,
        null,
        null
      ],
      "/Users/rchaves/Sites/_default/app/models/editable.rb": [
        1,
        1,
        1,
        1,
        null
      ],
      "/Users/rchaves/Sites/_default/app/models/joao.rb": [
        1,
        null
      ],
      "/Users/rchaves/Sites/_default/app/models/mensagem.rb": [
        null,
        1,
        1,
        1,
        null
      ],
      "/Users/rchaves/Sites/_default/app/models/pagina.rb": [
        1,
        1,
        null
      ],
      "/Users/rchaves/Sites/_default/app/models/Ability.rb": [
        1,
        1,
        null,
        1,
        null,
        null,
        0,
        null,
        0,
        0,
        null,
        null,
        null,
        null,
        null,
        null,
        null,
        null,
        null,
        null,
        null,
        null,
        null,
        null,
        null,
        null,
        null,
        null,
        null
      ]
    },
    "timestamp": 1380325256
  },
  "Functional Tests": {
    "coverage": {
      "/Users/rchaves/Sites/_default/app/controllers/application_controller.rb": [
        1,
        1,
        1,
        null,
        null,
        1,
        7,
        0,
        0,
        null,
        0,
        null,
        null,
        null,
        1,
        7,
        0,
        0,
        null,
        null,
        null,
        null,
        1,
        7,
        null,
        null,
        1,
        0,
        null,
        null,
        1,
        27,
        null,
        null,
        1,
        6,
        6,
        null,
        null,
        null,
        null,
        null,
        6,
        null,
        null,
        1,
        0,
        0,
        0,
        null,
        0,
        null,
        null,
        null
      ],
      "/Users/rchaves/Sites/_default/app/helpers/application_helper.rb": [
        null,
        1,
        null,
        1,
        4,
        4,
        4,
        null,
        4,
        null,
        null,
        1,
        1,
        null,
        1,
        null,
        1,
        null,
        null,
        1,
        2,
        null,
        null,
        1,
        0,
        null,
        null,
        1,
        2,
        null,
        null,
        null,
        1,
        1,
        null,
        null,
        1,
        0,
        null,
        null,
        1,
        0,
        null,
        null,
        1,
        0,
        0,
        0,
        0,
        null,
        null,
        null,
        null,
        null,
        1,
        0,
        null,
        null,
        1,
        0,
        null,
        null,
        null,
        1,
        0,
        0,
        0,
        0,
        null,
        0,
        null,
        0,
        0,
        null,
        0,
        null,
        null,
        null,
        1,
        0,
        0,
        0,
        0,
        null,
        0,
        0,
        0,
        0,
        null,
        0,
        null,
        null,
        0,
        0,
        null,
        null,
        null,
        null,
        null,
        null,
        null,
        null,
        null,
        null,
        0,
        null,
        0,
        null,
        null,
        null,
        null,
        1,
        0,
        null,
        null,
        null
      ],
      "/Users/rchaves/Sites/_default/app/helpers/banneres_helper.rb": [
        1,
        null
      ],
      "/Users/rchaves/Sites/_default/app/helpers/mensagens_helper.rb": [
        1,
        null
      ],
      "/Users/rchaves/Sites/_default/app/helpers/page_helper.rb": [
        1,
        null
      ],
      "/Users/rchaves/Sites/_default/app/models/usuario.rb": [
        null,
        1,
        null,
        null,
        null,
        1,
        null,
        null,
        1,
        1,
        1,
        null,
        1,
        0,
        0,
        null,
        null,
        1,
        0,
        null,
        null,
        null
      ],
      "/Users/rchaves/Sites/_default/app/models/banner.rb": [
        1,
        1,
        null,
        1,
        0,
        0,
        null,
        null,
        null,
        null,
        1,
        1,
        0,
        null,
        null
      ],
      "/Users/rchaves/Sites/_default/app/models/editable.rb": [
        1,
        1,
        1,
        1,
        null
      ],
      "/Users/rchaves/Sites/_default/app/models/mensagem.rb": [
        null,
        1,
        1,
        1,
        null
      ],
      "/Users/rchaves/Sites/_default/app/models/pagina.rb": [
        1,
        1,
        null
      ],
      "/Users/rchaves/Sites/_default/app/controllers/banneres_controller.rb": [
        1,
        1,
        1,
        1,
        null,
        null,
        1,
        1,
        null,
        null,
        null,
        1,
        1,
        null,
        null,
        null,
        1,
        1,
        null,
        null,
        null,
        1,
        1,
        null,
        null,
        null,
        1,
        1,
        null,
        1,
        1,
        null,
        null,
        0,
        null,
        null,
        null,
        null,
        1,
        1,
        null,
        1,
        1,
        null,
        null,
        0,
        null,
        null,
        null,
        null,
        1,
        1,
        1,
        null,
        1,
        null,
        null,
        1,
        0,
        0,
        0,
        0,
        0,
        null,
        0,
        null,
        null,
        null,
        null
      ],
      "/Users/rchaves/Sites/_default/app/models/ability.rb": [
        1,
        1,
        null,
        1,
        null,
        null,
        7,
        null,
        7,
        7,
        null,
        null,
        null,
        null,
        null,
        null,
        null,
        null,
        null,
        null,
        null,
        null,
        null,
        null,
        null,
        null,
        null,
        null,
        null
      ]
    },
    "timestamp": 1380063632
  }
}
